# JRE version: OpenJDK Runtime Environment Temurin-17.0.7+7 (17.0.7+7) (build 17.0.7+7)
# Java VM: OpenJDK 64-Bit Server VM Temurin-17.0.7+7 (17.0.7+7, mixed mode, emulated-client, tiered, compressed oops, compressed class ptrs, g1 gc, windows-amd64)
GC Precious Log:
 CPUs: 4 total, 4 available
 Memory: 16199M
 Large Page Support: Disabled
 NUMA Support: Disabled
 Compressed Oops: Enabled (Zero based)
 Heap Region Size: 2M
 Heap Min Capacity: 8M
 Heap Initial Capacity: 254M
 Heap Max Capacity: 4050M
 Pre-touch: Disabled
 Parallel Workers: 4
 Concurrent Workers: 1
 Concurrent Refinement Workers: 4
 Periodic GC: Disabled
Heap:
 garbage-first heap   total 423936K, used 216943K [0x0000000702e00000, 0x0000000800000000)
  region size 2048K, 5 young (10240K), 5 survivors (10240K)
 Metaspace       used 119397K, committed 120960K, reserved 1179648K
  class space    used 15839K, committed 16640K, reserved 1048576K
GC Heap History (20 events):
Event: 79063.253 GC heap after
{Heap after GC invocations=258 (full 20):
 garbage-first heap   total 321536K, used 111800K [0x0000000702e00000, 0x0000000800000000)
  region size 2048K, 1 young (2048K), 1 survivors (2048K)
 Metaspace       used 110084K, committed 111872K, reserved 1179648K
  class space    used 14980K, committed 16128K, reserved 1048576K
}
Event: 79064.626 GC heap before
{Heap before GC invocations=258 (full 20):
 garbage-first heap   total 321536K, used 253112K [0x0000000702e00000, 0x0000000800000000)
  region size 2048K, 71 young (145408K), 1 survivors (2048K)
 Metaspace       used 110633K, committed 112384K, reserved 1179648K
  class space    used 15049K, committed 16128K, reserved 1048576K
}
Event: 79064.658 GC heap after
{Heap after GC invocations=259 (full 20):
 garbage-first heap   total 964608K, used 118694K [0x0000000702e00000, 0x0000000800000000)
  region size 2048K, 5 young (10240K), 5 survivors (10240K)
 Metaspace       used 110633K, committed 112384K, reserved 1179648K
  class space    used 15049K, committed 16128K, reserved 1048576K
}
Event: 79071.446 GC heap before
{Heap before GC invocations=260 (full 20):
 garbage-first heap   total 423936K, used 360358K [0x0000000702e00000, 0x0000000800000000)
  region size 2048K, 124 young (253952K), 5 survivors (10240K)
 Metaspace       used 111171K, committed 112896K, reserved 1179648K
  class space    used 15142K, committed 16128K, reserved 1048576K
}
Event: 79071.478 GC heap after
{Heap after GC invocations=261 (full 20):
 garbage-first heap   total 423936K, used 129627K [0x0000000702e00000, 0x0000000800000000)
  region size 2048K, 10 young (20480K), 10 survivors (20480K)
 Metaspace       used 111171K, committed 112896K, reserved 1179648K
  class space    used 15142K, committed 16128K, reserved 1048576K
}
Event: 79071.646 GC heap before
{Heap before GC invocations=261 (full 20):
 garbage-first heap   total 423936K, used 129627K [0x0000000702e00000, 0x0000000800000000)
  region size 2048K, 11 young (22528K), 10 survivors (20480K)
 Metaspace       used 111171K, committed 112896K, reserved 1179648K
  class space    used 15142K, committed 16128K, reserved 1048576K
}
Event: 79071.680 GC heap after
{Heap after GC invocations=262 (full 20):
 garbage-first heap   total 423936K, used 129494K [0x0000000702e00000, 0x0000000800000000)
  region size 2048K, 2 young (4096K), 2 survivors (4096K)
 Metaspace       used 111171K, committed 112896K, reserved 1179648K
  class space    used 15142K, committed 16128K, reserved 1048576K
}
Event: 79083.085 GC heap before
{Heap before GC invocations=262 (full 20):
 garbage-first heap   total 423936K, used 336342K [0x0000000702e00000, 0x0000000800000000)
  region size 2048K, 104 young (212992K), 2 survivors (4096K)
 Metaspace       used 112036K, committed 113664K, reserved 1179648K
  class space    used 15266K, committed 16128K, reserved 1048576K
}
Event: 79083.109 GC heap after
{Heap after GC invocations=263 (full 20):
 garbage-first heap   total 423936K, used 138742K [0x0000000702e00000, 0x0000000800000000)
  region size 2048K, 6 young (12288K), 6 survivors (12288K)
 Metaspace       used 112036K, committed 113664K, reserved 1179648K
  class space    used 15266K, committed 16128K, reserved 1048576K
}
Event: 79095.265 GC heap before
{Heap before GC invocations=264 (full 20):
 garbage-first heap   total 423936K, used 341494K [0x0000000702e00000, 0x0000000800000000)
  region size 2048K, 106 young (217088K), 6 survivors (12288K)
 Metaspace       used 113798K, committed 115264K, reserved 1179648K
  class space    used 15436K, committed 16192K, reserved 1048576K
}
Event: 79095.316 GC heap after
{Heap after GC invocations=265 (full 20):
 garbage-first heap   total 423936K, used 152650K [0x0000000702e00000, 0x0000000800000000)
  region size 2048K, 13 young (26624K), 13 survivors (26624K)
 Metaspace       used 113798K, committed 115264K, reserved 1179648K
  class space    used 15436K, committed 16192K, reserved 1048576K
}
Event: 79095.475 GC heap before
{Heap before GC invocations=265 (full 20):
 garbage-first heap   total 423936K, used 152650K [0x0000000702e00000, 0x0000000800000000)
  region size 2048K, 14 young (28672K), 13 survivors (26624K)
 Metaspace       used 113807K, committed 115328K, reserved 1179648K
  class space    used 15438K, committed 16192K, reserved 1048576K
}
Event: 79095.514 GC heap after
{Heap after GC invocations=266 (full 20):
 garbage-first heap   total 423936K, used 152587K [0x0000000702e00000, 0x0000000800000000)
  region size 2048K, 2 young (4096K), 2 survivors (4096K)
 Metaspace       used 113807K, committed 115328K, reserved 1179648K
  class space    used 15438K, committed 16192K, reserved 1048576K
}
Event: 79101.043 GC heap before
{Heap before GC invocations=266 (full 20):
 garbage-first heap   total 423936K, used 343051K [0x0000000702e00000, 0x0000000800000000)
  region size 2048K, 96 young (196608K), 2 survivors (4096K)
 Metaspace       used 116286K, committed 117824K, reserved 1179648K
  class space    used 15622K, committed 16384K, reserved 1048576K
}
Event: 79101.079 GC heap after
{Heap after GC invocations=267 (full 20):
 garbage-first heap   total 423936K, used 164746K [0x0000000702e00000, 0x0000000800000000)
  region size 2048K, 8 young (16384K), 8 survivors (16384K)
 Metaspace       used 116286K, committed 117824K, reserved 1179648K
  class space    used 15622K, committed 16384K, reserved 1048576K
}
Event: 79104.313 GC heap before
{Heap before GC invocations=267 (full 20):
 garbage-first heap   total 423936K, used 342922K [0x0000000702e00000, 0x0000000800000000)
  region size 2048K, 96 young (196608K), 8 survivors (16384K)
 Metaspace       used 118748K, committed 120256K, reserved 1179648K
  class space    used 15786K, committed 16576K, reserved 1048576K
}
Event: 79104.370 GC heap after
{Heap after GC invocations=268 (full 20):
 garbage-first heap   total 423936K, used 183063K [0x0000000702e00000, 0x0000000800000000)
  region size 2048K, 10 young (20480K), 10 survivors (20480K)
 Metaspace       used 118748K, committed 120256K, reserved 1179648K
  class space    used 15786K, committed 16576K, reserved 1048576K
}
Event: 79105.890 GC heap before
{Heap before GC invocations=268 (full 20):
 garbage-first heap   total 423936K, used 340759K [0x0000000702e00000, 0x0000000800000000)
  region size 2048K, 88 young (180224K), 10 survivors (20480K)
 Metaspace       used 119272K, committed 120832K, reserved 1179648K
  class space    used 15831K, committed 16640K, reserved 1048576K
}
Event: 79105.963 GC heap after
{Heap after GC invocations=269 (full 20):
 garbage-first heap   total 423936K, used 211554K [0x0000000702e00000, 0x0000000800000000)
  region size 2048K, 11 young (22528K), 11 survivors (22528K)
 Metaspace       used 119272K, committed 120832K, reserved 1179648K
  class space    used 15831K, committed 16640K, reserved 1048576K
}
Event: 79106.904 GC heap before
{Heap before GC invocations=269 (full 20):
 garbage-first heap   total 423936K, used 332386K [0x0000000702e00000, 0x0000000800000000)
  region size 2048K, 71 young (145408K), 11 survivors (22528K)
 Metaspace       used 119397K, committed 120960K, reserved 1179648K
  class space    used 15839K, committed 16640K, reserved 1048576K
}

