# JRE version: Java(TM) SE Runtime Environment (21.0.6+8) (build 21.0.6+8-LTS-188)
# Java VM: Java HotSpot(TM) 64-Bit Server VM (21.0.6+8-LTS-188, mixed mode, sharing, tiered, compressed oops, compressed class ptrs, g1 gc, windows-amd64)
GC Precious Log:
 CardTable entry size: 512
 Card Set container configuration: InlinePtr #cards 4 size 8 Array Of Cards #cards 16 size 48 Howl #buckets 8 coarsen threshold 3686 Howl Bitmap #cards 512 size 80 coarsen threshold 460 Card regions per heap region 1 cards per card region 4096
 CPUs: 4 total, 4 available
 Memory: 16199M
 Large Page Support: Disabled
 NUMA Support: Disabled
 Compressed Oops: Enabled (Zero based)
 Heap Region Size: 2M
 Heap Min Capacity: 8M
 Heap Initial Capacity: 254M
 Heap Max Capacity: 4050M
 Pre-touch: Disabled
 Parallel Workers: 4
 Concurrent Workers: 1
 Concurrent Refinement Workers: 4
 Periodic GC: Disabled
Heap:
 garbage-first heap   total 145408K, used 97828K [0x0000000702e00000, 0x0000000800000000)
  region size 2048K, 24 young (49152K), 3 survivors (6144K)
 Metaspace       used 92161K, committed 93056K, reserved 1179648K
  class space    used 12145K, committed 12544K, reserved 1048576K
GC Heap History (20 events):
Event: 26.907 GC heap before
{Heap before GC invocations=21 (full 0):
 garbage-first heap   total 61440K, used 51843K [0x0000000702e00000, 0x0000000800000000)
  region size 2048K, 9 young (18432K), 2 survivors (4096K)
 Metaspace       used 71300K, committed 71936K, reserved 1114112K
  class space    used 9378K, committed 9664K, reserved 1048576K
}
Event: 26.920 GC heap after
{Heap after GC invocations=22 (full 0):
 garbage-first heap   total 61440K, used 39106K [0x0000000702e00000, 0x0000000800000000)
  region size 2048K, 1 young (2048K), 1 survivors (2048K)
 Metaspace       used 71300K, committed 71936K, reserved 1114112K
  class space    used 9378K, committed 9664K, reserved 1048576K
}
Event: 27.509 GC heap before
{Heap before GC invocations=23 (full 0):
 garbage-first heap   total 71680K, used 51394K [0x0000000702e00000, 0x0000000800000000)
  region size 2048K, 7 young (14336K), 1 survivors (2048K)
 Metaspace       used 72329K, committed 72960K, reserved 1114112K
  class space    used 9679K, committed 9984K, reserved 1048576K
}
Event: 27.523 GC heap after
{Heap after GC invocations=24 (full 0):
 garbage-first heap   total 71680K, used 42399K [0x0000000702e00000, 0x0000000800000000)
  region size 2048K, 1 young (2048K), 1 survivors (2048K)
 Metaspace       used 72329K, committed 72960K, reserved 1114112K
  class space    used 9679K, committed 9984K, reserved 1048576K
}
Event: 27.740 GC heap before
{Heap before GC invocations=24 (full 0):
 garbage-first heap   total 71680K, used 62879K [0x0000000702e00000, 0x0000000800000000)
  region size 2048K, 11 young (22528K), 1 survivors (2048K)
 Metaspace       used 72343K, committed 73024K, reserved 1114112K
  class space    used 9679K, committed 9984K, reserved 1048576K
}
Event: 27.762 GC heap after
{Heap after GC invocations=25 (full 0):
 garbage-first heap   total 73728K, used 48254K [0x0000000702e00000, 0x0000000800000000)
  region size 2048K, 2 young (4096K), 2 survivors (4096K)
 Metaspace       used 72343K, committed 73024K, reserved 1114112K
  class space    used 9679K, committed 9984K, reserved 1048576K
}
Event: 27.902 GC heap before
{Heap before GC invocations=25 (full 0):
 garbage-first heap   total 73728K, used 62590K [0x0000000702e00000, 0x0000000800000000)
  region size 2048K, 9 young (18432K), 2 survivors (4096K)
 Metaspace       used 72343K, committed 73024K, reserved 1114112K
  class space    used 9679K, committed 9984K, reserved 1048576K
}
Event: 27.921 GC heap after
{Heap after GC invocations=26 (full 0):
 garbage-first heap   total 73728K, used 52781K [0x0000000702e00000, 0x0000000800000000)
  region size 2048K, 2 young (4096K), 2 survivors (4096K)
 Metaspace       used 72343K, committed 73024K, reserved 1114112K
  class space    used 9679K, committed 9984K, reserved 1048576K
}
Event: 28.113 GC heap before
{Heap before GC invocations=26 (full 0):
 garbage-first heap   total 73728K, used 63021K [0x0000000702e00000, 0x0000000800000000)
  region size 2048K, 7 young (14336K), 2 survivors (4096K)
 Metaspace       used 72344K, committed 73024K, reserved 1114112K
  class space    used 9679K, committed 9984K, reserved 1048576K
}
Event: 28.129 GC heap after
{Heap after GC invocations=27 (full 0):
 garbage-first heap   total 145408K, used 56198K [0x0000000702e00000, 0x0000000800000000)
  region size 2048K, 1 young (2048K), 1 survivors (2048K)
 Metaspace       used 72344K, committed 73024K, reserved 1114112K
  class space    used 9679K, committed 9984K, reserved 1048576K
}
Event: 29.187 GC heap before
{Heap before GC invocations=28 (full 0):
 garbage-first heap   total 145408K, used 111494K [0x0000000702e00000, 0x0000000800000000)
  region size 2048K, 29 young (59392K), 1 survivors (2048K)
 Metaspace       used 73878K, committed 74560K, reserved 1114112K
  class space    used 9867K, committed 10176K, reserved 1048576K
}
Event: 29.214 GC heap after
{Heap after GC invocations=29 (full 0):
 garbage-first heap   total 145408K, used 62342K [0x0000000702e00000, 0x0000000800000000)
  region size 2048K, 4 young (8192K), 4 survivors (8192K)
 Metaspace       used 73878K, committed 74560K, reserved 1114112K
  class space    used 9867K, committed 10176K, reserved 1048576K
}
Event: 32.184 GC heap before
{Heap before GC invocations=29 (full 0):
 garbage-first heap   total 145408K, used 111494K [0x0000000702e00000, 0x0000000800000000)
  region size 2048K, 29 young (59392K), 4 survivors (8192K)
 Metaspace       used 78387K, committed 79232K, reserved 1179648K
  class space    used 10422K, committed 10816K, reserved 1048576K
}
Event: 32.219 GC heap after
{Heap after GC invocations=30 (full 0):
 garbage-first heap   total 145408K, used 67145K [0x0000000702e00000, 0x0000000800000000)
  region size 2048K, 3 young (6144K), 3 survivors (6144K)
 Metaspace       used 78387K, committed 79232K, reserved 1179648K
  class space    used 10422K, committed 10816K, reserved 1048576K
}
Event: 34.028 GC heap before
{Heap before GC invocations=30 (full 0):
 garbage-first heap   total 145408K, used 116297K [0x0000000702e00000, 0x0000000800000000)
  region size 2048K, 28 young (57344K), 3 survivors (6144K)
 Metaspace       used 78798K, committed 79616K, reserved 1179648K
  class space    used 10450K, committed 10816K, reserved 1048576K
}
Event: 34.043 GC heap after
{Heap after GC invocations=31 (full 0):
 garbage-first heap   total 145408K, used 68236K [0x0000000702e00000, 0x0000000800000000)
  region size 2048K, 1 young (2048K), 1 survivors (2048K)
 Metaspace       used 78798K, committed 79616K, reserved 1179648K
  class space    used 10450K, committed 10816K, reserved 1048576K
}
Event: 36.090 GC heap before
{Heap before GC invocations=32 (full 0):
 garbage-first heap   total 145408K, used 117388K [0x0000000702e00000, 0x0000000800000000)
  region size 2048K, 27 young (55296K), 1 survivors (2048K)
 Metaspace       used 80388K, committed 81152K, reserved 1179648K
  class space    used 10682K, committed 11072K, reserved 1048576K
}
Event: 36.102 GC heap after
{Heap after GC invocations=33 (full 0):
 garbage-first heap   total 145408K, used 66451K [0x0000000702e00000, 0x0000000800000000)
  region size 2048K, 1 young (2048K), 1 survivors (2048K)
 Metaspace       used 80388K, committed 81152K, reserved 1179648K
  class space    used 10682K, committed 11072K, reserved 1048576K
}
Event: 119.617 GC heap before
{Heap before GC invocations=33 (full 0):
 garbage-first heap   total 145408K, used 121747K [0x0000000702e00000, 0x0000000800000000)
  region size 2048K, 29 young (59392K), 1 survivors (2048K)
 Metaspace       used 90181K, committed 91136K, reserved 1179648K
  class space    used 11999K, committed 12416K, reserved 1048576K
}
Event: 119.641 GC heap after
{Heap after GC invocations=34 (full 0):
 garbage-first heap   total 145408K, used 56868K [0x0000000702e00000, 0x0000000800000000)
  region size 2048K, 3 young (6144K), 3 survivors (6144K)
 Metaspace       used 90181K, committed 91136K, reserved 1179648K
  class space    used 11999K, committed 12416K, reserved 1048576K
}

