# JRE version: Java(TM) SE Runtime Environment (21.0.6+8) (build 21.0.6+8-LTS-188)
# Java VM: Java HotSpot(TM) 64-Bit Server VM (21.0.6+8-LTS-188, mixed mode, sharing, tiered, compressed oops, compressed class ptrs, g1 gc, windows-amd64)
GC Precious Log:
 CardTable entry size: 512
 Card Set container configuration: InlinePtr #cards 5 size 8 Array Of Cards #cards 12 size 40 Howl #buckets 4 coarsen threshold 1843 Howl Bitmap #cards 512 size 80 coarsen threshold 460 Card regions per heap region 1 cards per card region 2048
 CPUs: 4 total, 4 available
 Memory: 16199M
 Large Page Support: Disabled
 NUMA Support: Disabled
 Compressed Oops: Enabled (32-bit)
 Heap Region Size: 1M
 Heap Min Capacity: 512M
 Heap Initial Capacity: 512M
 Heap Max Capacity: 2G
 Pre-touch: Disabled
 Parallel Workers: 4
 Concurrent Workers: 1
 Concurrent Refinement Workers: 4
 Periodic GC: Disabled
Heap:
 garbage-first heap   total 524288K, used 269805K [0x0000000080000000, 0x0000000100000000)
  region size 1024K, 252 young (258048K), 29 survivors (29696K)
 Metaspace       used 91611K, committed 92608K, reserved 557056K
  class space    used 12096K, committed 12544K, reserved 425984K
GC Heap History (20 events):
Event: 3.311 GC heap after
{Heap after GC invocations=2 (full 0):
 garbage-first heap   total 524288K, used 10818K [0x0000000080000000, 0x0000000100000000)
  region size 1024K, 2 young (2048K), 2 survivors (2048K)
 Metaspace       used 11940K, committed 12224K, reserved 491520K
  class space    used 1399K, committed 1536K, reserved 425984K
}
Event: 4.451 GC heap before
{Heap before GC invocations=2 (full 0):
 garbage-first heap   total 524288K, used 42562K [0x0000000080000000, 0x0000000100000000)
  region size 1024K, 34 young (34816K), 2 survivors (2048K)
 Metaspace       used 19543K, committed 19904K, reserved 491520K
  class space    used 2350K, committed 2496K, reserved 425984K
}
Event: 4.460 GC heap after
{Heap after GC invocations=3 (full 0):
 garbage-first heap   total 524288K, used 13693K [0x0000000080000000, 0x0000000100000000)
  region size 1024K, 5 young (5120K), 5 survivors (5120K)
 Metaspace       used 19543K, committed 19904K, reserved 491520K
  class space    used 2350K, committed 2496K, reserved 425984K
}
Event: 4.733 GC heap before
{Heap before GC invocations=3 (full 0):
 garbage-first heap   total 524288K, used 21885K [0x0000000080000000, 0x0000000100000000)
  region size 1024K, 15 young (15360K), 5 survivors (5120K)
 Metaspace       used 21190K, committed 21504K, reserved 491520K
  class space    used 2554K, committed 2688K, reserved 425984K
}
Event: 4.740 GC heap after
{Heap after GC invocations=4 (full 0):
 garbage-first heap   total 524288K, used 14454K [0x0000000080000000, 0x0000000100000000)
  region size 1024K, 6 young (6144K), 6 survivors (6144K)
 Metaspace       used 21190K, committed 21504K, reserved 491520K
  class space    used 2554K, committed 2688K, reserved 425984K
}
Event: 11.416 GC heap before
{Heap before GC invocations=5 (full 0):
 garbage-first heap   total 524288K, used 117878K [0x0000000080000000, 0x0000000100000000)
  region size 1024K, 108 young (110592K), 6 survivors (6144K)
 Metaspace       used 35574K, committed 36096K, reserved 491520K
  class space    used 4438K, committed 4672K, reserved 425984K
}
Event: 11.440 GC heap after
{Heap after GC invocations=6 (full 0):
 garbage-first heap   total 524288K, used 22287K [0x0000000080000000, 0x0000000100000000)
  region size 1024K, 13 young (13312K), 13 survivors (13312K)
 Metaspace       used 35574K, committed 36096K, reserved 491520K
  class space    used 4438K, committed 4672K, reserved 425984K
}
Event: 11.489 GC heap before
{Heap before GC invocations=6 (full 0):
 garbage-first heap   total 524288K, used 23311K [0x0000000080000000, 0x0000000100000000)
  region size 1024K, 15 young (15360K), 13 survivors (13312K)
 Metaspace       used 35909K, committed 36416K, reserved 491520K
  class space    used 4450K, committed 4672K, reserved 425984K
}
Event: 11.509 GC heap after
{Heap after GC invocations=7 (full 0):
 garbage-first heap   total 524288K, used 22175K [0x0000000080000000, 0x0000000100000000)
  region size 1024K, 13 young (13312K), 13 survivors (13312K)
 Metaspace       used 35909K, committed 36416K, reserved 491520K
  class space    used 4450K, committed 4672K, reserved 425984K
}
Event: 11.560 GC heap before
{Heap before GC invocations=7 (full 0):
 garbage-first heap   total 524288K, used 23199K [0x0000000080000000, 0x0000000100000000)
  region size 1024K, 15 young (15360K), 13 survivors (13312K)
 Metaspace       used 36196K, committed 36736K, reserved 491520K
  class space    used 4481K, committed 4736K, reserved 425984K
}
Event: 11.580 GC heap after
{Heap after GC invocations=8 (full 0):
 garbage-first heap   total 524288K, used 23347K [0x0000000080000000, 0x0000000100000000)
  region size 1024K, 10 young (10240K), 10 survivors (10240K)
 Metaspace       used 36196K, committed 36736K, reserved 491520K
  class space    used 4481K, committed 4736K, reserved 425984K
}
Event: 18.859 GC heap before
{Heap before GC invocations=9 (full 0):
 garbage-first heap   total 524288K, used 138035K [0x0000000080000000, 0x0000000100000000)
  region size 1024K, 123 young (125952K), 10 survivors (10240K)
 Metaspace       used 60818K, committed 61376K, reserved 491520K
  class space    used 7860K, committed 8128K, reserved 425984K
}
Event: 18.881 GC heap after
{Heap after GC invocations=10 (full 0):
 garbage-first heap   total 524288K, used 28588K [0x0000000080000000, 0x0000000100000000)
  region size 1024K, 15 young (15360K), 15 survivors (15360K)
 Metaspace       used 60818K, committed 61376K, reserved 491520K
  class space    used 7860K, committed 8128K, reserved 425984K
}
Event: 18.944 GC heap before
{Heap before GC invocations=10 (full 0):
 garbage-first heap   total 524288K, used 29612K [0x0000000080000000, 0x0000000100000000)
  region size 1024K, 17 young (17408K), 15 survivors (15360K)
 Metaspace       used 61107K, committed 61696K, reserved 491520K
  class space    used 7895K, committed 8192K, reserved 425984K
}
Event: 18.972 GC heap after
{Heap after GC invocations=11 (full 0):
 garbage-first heap   total 524288K, used 29165K [0x0000000080000000, 0x0000000100000000)
  region size 1024K, 16 young (16384K), 16 survivors (16384K)
 Metaspace       used 61107K, committed 61696K, reserved 491520K
  class space    used 7895K, committed 8192K, reserved 425984K
}
Event: 19.061 GC heap before
{Heap before GC invocations=11 (full 0):
 garbage-first heap   total 524288K, used 30189K [0x0000000080000000, 0x0000000100000000)
  region size 1024K, 18 young (18432K), 16 survivors (16384K)
 Metaspace       used 61413K, committed 62016K, reserved 491520K
  class space    used 7945K, committed 8256K, reserved 425984K
}
Event: 19.080 GC heap after
{Heap after GC invocations=12 (full 0):
 garbage-first heap   total 524288K, used 28653K [0x0000000080000000, 0x0000000100000000)
  region size 1024K, 15 young (15360K), 15 survivors (15360K)
 Metaspace       used 61413K, committed 62016K, reserved 491520K
  class space    used 7945K, committed 8256K, reserved 425984K
}
Event: 26.968 GC heap before
{Heap before GC invocations=13 (full 0):
 garbage-first heap   total 524288K, used 328685K [0x0000000080000000, 0x0000000100000000)
  region size 1024K, 307 young (314368K), 15 survivors (15360K)
 Metaspace       used 78889K, committed 79680K, reserved 557056K
  class space    used 10456K, committed 10816K, reserved 425984K
}
Event: 27.027 GC heap after
{Heap after GC invocations=14 (full 0):
 garbage-first heap   total 524288K, used 42477K [0x0000000080000000, 0x0000000100000000)
  region size 1024K, 29 young (29696K), 29 survivors (29696K)
 Metaspace       used 78889K, committed 79680K, reserved 557056K
  class space    used 10456K, committed 10816K, reserved 425984K
}
Event: 900.332 GC heap before
{Heap before GC invocations=14 (full 0):
 garbage-first heap   total 524288K, used 269805K [0x0000000080000000, 0x0000000100000000)
  region size 1024K, 252 young (258048K), 29 survivors (29696K)
 Metaspace       used 91611K, committed 92608K, reserved 557056K
  class space    used 12096K, committed 12544K, reserved 425984K
}

