# JRE version: Java(TM) SE Runtime Environment (21.0.6+8) (build 21.0.6+8-LTS-188)
# Java VM: Java HotSpot(TM) 64-Bit Server VM (21.0.6+8-LTS-188, mixed mode, sharing, tiered, compressed oops, compressed class ptrs, g1 gc, windows-amd64)
GC Precious Log:
 CardTable entry size: 512
 Card Set container configuration: InlinePtr #cards 4 size 8 Array Of Cards #cards 16 size 48 Howl #buckets 8 coarsen threshold 3686 Howl Bitmap #cards 512 size 80 coarsen threshold 460 Card regions per heap region 1 cards per card region 4096
 CPUs: 4 total, 4 available
 Memory: 16199M
 Large Page Support: Disabled
 NUMA Support: Disabled
 Compressed Oops: Enabled (Zero based)
 Heap Region Size: 2M
 Heap Min Capacity: 8M
 Heap Initial Capacity: 254M
 Heap Max Capacity: 4050M
 Pre-touch: Disabled
 Parallel Workers: 4
 Concurrent Workers: 1
 Concurrent Refinement Workers: 4
 Periodic GC: Disabled
Heap:
 garbage-first heap   total 159744K, used 88860K [0x0000000702e00000, 0x0000000800000000)
  region size 2048K, 15 young (30720K), 2 survivors (4096K)
 Metaspace       used 90632K, committed 91584K, reserved 1179648K
  class space    used 12045K, committed 12480K, reserved 1048576K
GC Heap History (20 events):
Event: 14.364 GC heap after
{Heap after GC invocations=14 (full 0):
 garbage-first heap   total 55296K, used 28746K [0x0000000702e00000, 0x0000000800000000)
  region size 2048K, 1 young (2048K), 1 survivors (2048K)
 Metaspace       used 52679K, committed 53248K, reserved 1114112K
  class space    used 6659K, committed 6912K, reserved 1048576K
}
Event: 15.114 GC heap before
{Heap before GC invocations=14 (full 0):
 garbage-first heap   total 55296K, used 45130K [0x0000000702e00000, 0x0000000800000000)
  region size 2048K, 10 young (20480K), 1 survivors (2048K)
 Metaspace       used 57876K, committed 58496K, reserved 1114112K
  class space    used 7418K, committed 7680K, reserved 1048576K
}
Event: 15.120 GC heap after
{Heap after GC invocations=15 (full 0):
 garbage-first heap   total 55296K, used 29297K [0x0000000702e00000, 0x0000000800000000)
  region size 2048K, 2 young (4096K), 2 survivors (4096K)
 Metaspace       used 57876K, committed 58496K, reserved 1114112K
  class space    used 7418K, committed 7680K, reserved 1048576K
}
Event: 15.703 GC heap before
{Heap before GC invocations=16 (full 0):
 garbage-first heap   total 59392K, used 43633K [0x0000000702e00000, 0x0000000800000000)
  region size 2048K, 9 young (18432K), 2 survivors (4096K)
 Metaspace       used 59884K, committed 60480K, reserved 1114112K
  class space    used 7825K, committed 8128K, reserved 1048576K
}
Event: 15.708 GC heap after
{Heap after GC invocations=17 (full 0):
 garbage-first heap   total 59392K, used 29975K [0x0000000702e00000, 0x0000000800000000)
  region size 2048K, 1 young (2048K), 1 survivors (2048K)
 Metaspace       used 59884K, committed 60480K, reserved 1114112K
  class space    used 7825K, committed 8128K, reserved 1048576K
}
Event: 16.194 GC heap before
{Heap before GC invocations=17 (full 0):
 garbage-first heap   total 59392K, used 52503K [0x0000000702e00000, 0x0000000800000000)
  region size 2048K, 12 young (24576K), 1 survivors (2048K)
 Metaspace       used 60670K, committed 61312K, reserved 1114112K
  class space    used 7886K, committed 8192K, reserved 1048576K
}
Event: 16.198 GC heap after
{Heap after GC invocations=18 (full 0):
 garbage-first heap   total 159744K, used 29761K [0x0000000702e00000, 0x0000000800000000)
  region size 2048K, 1 young (2048K), 1 survivors (2048K)
 Metaspace       used 60670K, committed 61312K, reserved 1114112K
  class space    used 7886K, committed 8192K, reserved 1048576K
}
Event: 19.938 GC heap before
{Heap before GC invocations=18 (full 0):
 garbage-first heap   total 159744K, used 119873K [0x0000000702e00000, 0x0000000800000000)
  region size 2048K, 46 young (94208K), 1 survivors (2048K)
 Metaspace       used 72457K, committed 73216K, reserved 1114112K
  class space    used 9674K, committed 10048K, reserved 1048576K
}
Event: 19.960 GC heap after
{Heap after GC invocations=19 (full 0):
 garbage-first heap   total 159744K, used 39861K [0x0000000702e00000, 0x0000000800000000)
  region size 2048K, 6 young (12288K), 6 survivors (12288K)
 Metaspace       used 72457K, committed 73216K, reserved 1114112K
  class space    used 9674K, committed 10048K, reserved 1048576K
}
Event: 20.346 GC heap before
{Heap before GC invocations=19 (full 0):
 garbage-first heap   total 159744K, used 121781K [0x0000000702e00000, 0x0000000800000000)
  region size 2048K, 46 young (94208K), 6 survivors (12288K)
 Metaspace       used 72489K, committed 73216K, reserved 1114112K
  class space    used 9674K, committed 10048K, reserved 1048576K
}
Event: 20.364 GC heap after
{Heap after GC invocations=20 (full 0):
 garbage-first heap   total 159744K, used 40206K [0x0000000702e00000, 0x0000000800000000)
  region size 2048K, 2 young (4096K), 2 survivors (4096K)
 Metaspace       used 72489K, committed 73216K, reserved 1114112K
  class space    used 9674K, committed 10048K, reserved 1048576K
}
Event: 23.457 GC heap before
{Heap before GC invocations=20 (full 0):
 garbage-first heap   total 159744K, used 130318K [0x0000000702e00000, 0x0000000800000000)
  region size 2048K, 46 young (94208K), 2 survivors (4096K)
 Metaspace       used 78656K, committed 79360K, reserved 1179648K
  class space    used 10424K, committed 10752K, reserved 1048576K
}
Event: 23.477 GC heap after
{Heap after GC invocations=21 (full 0):
 garbage-first heap   total 159744K, used 51522K [0x0000000702e00000, 0x0000000800000000)
  region size 2048K, 6 young (12288K), 6 survivors (12288K)
 Metaspace       used 78656K, committed 79360K, reserved 1179648K
  class space    used 10424K, committed 10752K, reserved 1048576K
}
Event: 25.484 GC heap before
{Heap before GC invocations=21 (full 0):
 garbage-first heap   total 159744K, used 131394K [0x0000000702e00000, 0x0000000800000000)
  region size 2048K, 46 young (94208K), 6 survivors (12288K)
 Metaspace       used 81241K, committed 82048K, reserved 1179648K
  class space    used 10785K, committed 11136K, reserved 1048576K
}
Event: 25.509 GC heap after
{Heap after GC invocations=22 (full 0):
 garbage-first heap   total 159744K, used 60357K [0x0000000702e00000, 0x0000000800000000)
  region size 2048K, 4 young (8192K), 4 survivors (8192K)
 Metaspace       used 81241K, committed 82048K, reserved 1179648K
  class space    used 10785K, committed 11136K, reserved 1048576K
}
Event: 314.575 GC heap before
{Heap before GC invocations=23 (full 0):
 garbage-first heap   total 159744K, used 134085K [0x0000000702e00000, 0x0000000800000000)
  region size 2048K, 41 young (83968K), 4 survivors (8192K)
 Metaspace       used 90070K, committed 90944K, reserved 1179648K
  class space    used 11961K, committed 12352K, reserved 1048576K
}
Event: 314.592 GC heap after
{Heap after GC invocations=24 (full 0):
 garbage-first heap   total 159744K, used 64311K [0x0000000702e00000, 0x0000000800000000)
  region size 2048K, 2 young (4096K), 2 survivors (4096K)
 Metaspace       used 90070K, committed 90944K, reserved 1179648K
  class space    used 11961K, committed 12352K, reserved 1048576K
}
Event: 903.474 GC heap before
{Heap before GC invocations=24 (full 0):
 garbage-first heap   total 159744K, used 140087K [0x0000000702e00000, 0x0000000800000000)
  region size 2048K, 39 young (79872K), 2 survivors (4096K)
 Metaspace       used 90523K, committed 91456K, reserved 1179648K
  class space    used 12026K, committed 12416K, reserved 1048576K
}
Event: 903.481 GC heap after
{Heap after GC invocations=25 (full 0):
 garbage-first heap   total 159744K, used 64284K [0x0000000702e00000, 0x0000000800000000)
  region size 2048K, 2 young (4096K), 2 survivors (4096K)
 Metaspace       used 90523K, committed 91456K, reserved 1179648K
  class space    used 12026K, committed 12416K, reserved 1048576K
}
Event: 1081.291 GC heap before
{Heap before GC invocations=25 (full 0):
 garbage-first heap   total 159744K, used 88860K [0x0000000702e00000, 0x0000000800000000)
  region size 2048K, 15 young (30720K), 2 survivors (4096K)
 Metaspace       used 90632K, committed 91584K, reserved 1179648K
  class space    used 12045K, committed 12480K, reserved 1048576K
}

